<!DOCTYPE html PUBLIC "-//W3C//DTD XHTML 1.1//EN" "https://www.w3.org/TR/xhtml11/DTD/xhtml11.dtd">
<html xmlns="https://www.w3.org/1999/xhtml">
<head>
<meta http-equiv="content-type" content="text/html; charset=UTF-8"/>
<title>TestNG Report</title>
<style type="text/css">table {margin-bottom:10px;border-collapse:collapse;empty-cells:show}th,td {border:1px solid #009;padding:.25em .5em}th {vertical-align:bottom}td {vertical-align:top}table a {font-weight:bold}.stripe td {background-color: #E6EBF9}.num {text-align:right}.passedodd td {background-color: #3F3}.passedeven td {background-color: #0A0}.skippedodd td {background-color: #DDD}.skippedeven td {background-color: #CCC}.failedodd td,.attn {background-color: #F33}.failedeven td,.stripe .attn {background-color: #D00}.stacktrace {white-space:pre;font-family:monospace}.totop {font-size:85%;text-align:center;border-bottom:2px solid #000}.invisible {display:none}</style>
</head>
<body>
<table>
<tr><th>Test</th><th># Passed</th><th># Skipped</th><th># Retried</th><th># Failed</th><th>Time (ms)</th><th>Included Groups</th><th>Excluded Groups</th></tr>
<tr><th colspan="8">Suite</th></tr>
<tr><td><a href="#t0">Test</a></td><td class="num">5</td><td class="num">0</td><td class="num">0</td><td class="num attn">5</td><td class="num">103,339</td><td></td><td></td></tr>
</table>
<table id='summary'><thead><tr><th>Class</th><th>Method</th><th>Start</th><th>Time (ms)</th></tr></thead><tbody><tr><th colspan="4">Suite</th></tr></tbody><tbody id="t0"><tr><th colspan="4">Test &#8212; failed</th></tr><tr class="failedeven"><td rowspan="5">clothingStore.tests.HomePageTest</td><td><a href="#m0">RegisterWithNewEmail</a></td><td rowspan="1">1679651271153</td><td rowspan="1">0</td></tr><tr class="failedeven"><td><a href="#m1">checkIfCategoryImagesAreClickable</a></td><td rowspan="1">1679651180187</td><td rowspan="1">33505</td></tr><tr class="failedeven"><td><a href="#m2">validateLanguageDropdown</a></td><td rowspan="1">1679651260017</td><td rowspan="1">10639</td></tr><tr class="failedeven"><td><a href="#m3">validateSearch</a></td><td rowspan="1">1679651217277</td><td rowspan="1">30508</td></tr><tr class="failedeven"><td><a href="#m4">verifyLinkTextText</a></td><td rowspan="1">1679651216639</td><td rowspan="1">92</td></tr><tr><th colspan="4">Test &#8212; passed</th></tr><tr class="passedeven"><td rowspan="5">clothingStore.tests.HomePageTest</td><td><a href="#m5">checkIfProductImageIsClickable</a></td><td rowspan="1">1679651178524</td><td rowspan="1">1652</td></tr><tr class="passedeven"><td><a href="#m6">checkPromotionalText</a></td><td rowspan="1">1679651214355</td><td rowspan="1">126</td></tr><tr class="passedeven"><td><a href="#m7">validateSearchWithNegativeScenario</a></td><td rowspan="1">1679651248239</td><td rowspan="1">11760</td></tr><tr class="passedeven"><td><a href="#m8">validateTheNumberOfDisplayedFeaturedProducts</a></td><td rowspan="1">1679651177925</td><td rowspan="1">581</td></tr><tr class="passedeven"><td><a href="#m9">verifyPromoLinkTextIsClickable</a></td><td rowspan="1">1679651214485</td><td rowspan="1">2147</td></tr></tbody>
</table>
<h2>Test</h2><h3 id="m0">clothingStore.tests.HomePageTest#RegisterWithNewEmail</h3><table class="result"><tr><th>Exception</th></tr><tr><td><div class="stacktrace">org.testng.TestNGException: 
Cannot inject @Test annotated Method [RegisterWithNewEmail] with [class java.lang.String].
For more information on native dependency injection please refer to https://testng.org/doc/documentation-main.html#native-dependency-injection
	at java.base/java.util.ArrayList.forEach(ArrayList.java:1511)
... Removed 26 stack frames</div></td></tr></table><p class="totop"><a href="#summary">back to summary</a></p>
<h3 id="m1">clothingStore.tests.HomePageTest#checkIfCategoryImagesAreClickable</h3><table class="result"><tr><th>Exception</th></tr><tr><td><div class="stacktrace">org.openqa.selenium.TimeoutException: Expected condition failed: waiting for visibility of all [] (tried for 10 second(s) with 500 milliseconds interval)
Build info: version: &apos;4.6.0&apos;, revision: &apos;79f1c02ae20&apos;
System info: os.name: &apos;Windows 11&apos;, os.arch: &apos;amd64&apos;, os.version: &apos;10.0&apos;, java.version: &apos;18.0.1.1&apos;
Driver info: org.openqa.selenium.chrome.ChromeDriver
Capabilities {acceptInsecureCerts: false, browserName: chrome, browserVersion: 111.0.5563.65, chrome: {chromedriverVersion: 111.0.5563.64 (c710e93d5b63..., userDataDir: C:\Users\kseni\AppData\Loca...}, goog:chromeOptions: {debuggerAddress: localhost:50890}, networkConnectionEnabled: false, pageLoadStrategy: normal, platformName: WINDOWS, proxy: Proxy(), se:cdp: ws://localhost:50890/devtoo..., se:cdpVersion: 111.0.5563.65, setWindowRect: true, strictFileInteractability: false, timeouts: {implicit: 0, pageLoad: 300000, script: 30000}, unhandledPromptBehavior: dismiss and notify, webauthn:extension:credBlob: true, webauthn:extension:largeBlob: true, webauthn:extension:minPinLength: true, webauthn:extension:prf: true, webauthn:virtualAuthenticators: true}
Session ID: eb5dd8aaafb8291968ee664dd381ac44
	at org.openqa.selenium.support.ui.WebDriverWait.timeoutException(WebDriverWait.java:87)
	at org.openqa.selenium.support.ui.FluentWait.until(FluentWait.java:231)
	at clothingStore.abstarctComponents.AbstractComponents.waitForElementsToAppear(AbstractComponents.java:64)
	at clothingStore.pageObject.HomePage.clickOnEachCategoryContainer(HomePage.java:64)
	at clothingStore.tests.HomePageTest.checkIfCategoryImagesAreClickable(HomePageTest.java:43)
	at java.base/java.util.ArrayList.forEach(ArrayList.java:1511)
... Removed 25 stack frames</div></td></tr></table><p class="totop"><a href="#summary">back to summary</a></p>
<h3 id="m2">clothingStore.tests.HomePageTest#validateLanguageDropdown</h3><table class="result"><tr><th>Exception</th></tr><tr><td><div class="stacktrace">java.lang.AssertionError: expected [Shop - Etualshop.com] but found [Home - Etualshop.com]
	at clothingStore.tests.HomePageTest.validateLanguageDropdown(HomePageTest.java:119)
	at java.base/java.util.ArrayList.forEach(ArrayList.java:1511)
... Removed 31 stack frames</div></td></tr></table><p class="totop"><a href="#summary">back to summary</a></p>
<h3 id="m3">clothingStore.tests.HomePageTest#validateSearch</h3><table class="result"><tr><th>Exception</th></tr><tr><td><div class="stacktrace">org.openqa.selenium.TimeoutException: Expected condition failed: waiting for visibility of all [] (tried for 10 second(s) with 500 milliseconds interval)
Build info: version: &apos;4.6.0&apos;, revision: &apos;79f1c02ae20&apos;
System info: os.name: &apos;Windows 11&apos;, os.arch: &apos;amd64&apos;, os.version: &apos;10.0&apos;, java.version: &apos;18.0.1.1&apos;
Driver info: org.openqa.selenium.chrome.ChromeDriver
Capabilities {acceptInsecureCerts: false, browserName: chrome, browserVersion: 111.0.5563.65, chrome: {chromedriverVersion: 111.0.5563.64 (c710e93d5b63..., userDataDir: C:\Users\kseni\AppData\Loca...}, goog:chromeOptions: {debuggerAddress: localhost:50890}, networkConnectionEnabled: false, pageLoadStrategy: normal, platformName: WINDOWS, proxy: Proxy(), se:cdp: ws://localhost:50890/devtoo..., se:cdpVersion: 111.0.5563.65, setWindowRect: true, strictFileInteractability: false, timeouts: {implicit: 0, pageLoad: 300000, script: 30000}, unhandledPromptBehavior: dismiss and notify, webauthn:extension:credBlob: true, webauthn:extension:largeBlob: true, webauthn:extension:minPinLength: true, webauthn:extension:prf: true, webauthn:virtualAuthenticators: true}
Session ID: eb5dd8aaafb8291968ee664dd381ac44
	at org.openqa.selenium.support.ui.WebDriverWait.timeoutException(WebDriverWait.java:87)
	at org.openqa.selenium.support.ui.FluentWait.until(FluentWait.java:231)
	at clothingStore.abstarctComponents.AbstractComponents.waitForElementsToAppear(AbstractComponents.java:64)
	at clothingStore.abstarctComponents.AbstractComponents.getResultList(AbstractComponents.java:94)
	at clothingStore.tests.HomePageTest.validateSearch(HomePageTest.java:70)
	at java.base/java.util.ArrayList.forEach(ArrayList.java:1511)
... Removed 25 stack frames</div></td></tr></table><p class="totop"><a href="#summary">back to summary</a></p>
<h3 id="m4">clothingStore.tests.HomePageTest#verifyLinkTextText</h3><table class="result"><tr><th>Exception</th></tr><tr><td><div class="stacktrace">java.lang.AssertionError: expected [View it] but found [View the Collection]
	at clothingStore.tests.HomePageTest.verifyLinkTextText(HomePageTest.java:64)
	at java.base/java.util.ArrayList.forEach(ArrayList.java:1511)
... Removed 31 stack frames</div></td></tr></table><p class="totop"><a href="#summary">back to summary</a></p>
<h3 id="m5">clothingStore.tests.HomePageTest#checkIfProductImageIsClickable</h3><table class="result"><tr><th class="invisible"/></tr></table><p class="totop"><a href="#summary">back to summary</a></p>
<h3 id="m6">clothingStore.tests.HomePageTest#checkPromotionalText</h3><table class="result"><tr><th class="invisible"/></tr></table><p class="totop"><a href="#summary">back to summary</a></p>
<h3 id="m7">clothingStore.tests.HomePageTest#validateSearchWithNegativeScenario</h3><table class="result"><tr><th class="invisible"/></tr></table><p class="totop"><a href="#summary">back to summary</a></p>
<h3 id="m8">clothingStore.tests.HomePageTest#validateTheNumberOfDisplayedFeaturedProducts</h3><table class="result"><tr><th class="invisible"/></tr></table><p class="totop"><a href="#summary">back to summary</a></p>
<h3 id="m9">clothingStore.tests.HomePageTest#verifyPromoLinkTextIsClickable</h3><table class="result"><tr><th class="invisible"/></tr></table><p class="totop"><a href="#summary">back to summary</a></p>
</body>
</html>
