<?xml version="1.0" encoding="UTF-8"?>
<!-- Generated by org.testng.reporters.JUnitReportReporter -->
<testsuite hostname="LAPTOP-4TCE2O8E" failures="0" tests="3" name="clothingStore.tests.CheckoutPageTest" time="9.492" errors="2" timestamp="2023-03-06T13:04:35 CET" skipped="1">
  <testcase classname="clothingStore.tests.CheckoutPageTest" name="fillIn" time="9.446">
    <error message="com.fasterxml.jackson.core.JsonParseException: Unexpected character (&#039;/&#039; (code 47)): maybe a (non-standard) comment? (not recognized as one since Feature &#039;ALLOW_COMMENTS&#039; not enabled for parser)
 at [Source: (String)&quot;[
{    &quot;firstName&quot; : &quot;Ksenija&quot;,
\u0009\u0009&quot;lastName&quot;:&quot;Djuricic&quot;,
\u0009\u0009&quot;companyName&quot;:&quot;Djuricic&quot;,
\u0009&quot;address&quot;:&quot;Topolska&quot;,
\u0009\u0009&quot;apartmentNumber&quot;:&quot;18&quot;,
\u0009\u0009&quot;cityName&quot;:&quot;Beograd&quot;,
\u0009\u0009&quot;zip&quot;:&quot;11000&quot;,
\u0009&quot;phoneNumber&quot;:&quot;123456&quot;,
\u0009&quot;email&quot;:&quot;dummyadresa@gmail.com&quot;,
\u0009\u0009&quot;notes&quot;:&quot;selenium Automation&quot;

},

{
\u0009\u0009&quot;firstName&quot;:&quot;James&quot;,
\u0009\u0009&quot;lastName&quot;:&quot;Bond&quot;,
\u0009\u0009&quot;companyName&quot;:&quot;Universal Exports&quot;,
\u0009\u0009&quot;address&quot;:&quot;417 Longstream Road&quot;,
\u0009\u0009&quot;apartmentNumber&quot;:&quot;007&quot;,
\u0009\u0009&quot;cityName&quot;:&quot;London&quot;,
\u0009\u0009&quot;zip&quot;:&quot;E1 6AN&quot;,
\u0009\u0009&quot;phoneNumber&quot;:&quot;0070&quot;[truncated 383 chars]; line: 31, column: 2]" type="java.lang.RuntimeException">
      <![CDATA[java.lang.RuntimeException: com.fasterxml.jackson.core.JsonParseException: Unexpected character ('/' (code 47)): maybe a (non-standard) comment? (not recognized as one since Feature 'ALLOW_COMMENTS' not enabled for parser)
 at [Source: (String)"[
{    "firstName" : "Ksenija",
\u0009\u0009"lastName":"Djuricic",
\u0009\u0009"companyName":"Djuricic",
\u0009"address":"Topolska",
\u0009\u0009"apartmentNumber":"18",
\u0009\u0009"cityName":"Beograd",
\u0009\u0009"zip":"11000",
\u0009"phoneNumber":"123456",
\u0009"email":"dummyadresa@gmail.com",
\u0009\u0009"notes":"selenium Automation"

},

{
\u0009\u0009"firstName":"James",
\u0009\u0009"lastName":"Bond",
\u0009\u0009"companyName":"Universal Exports",
\u0009\u0009"address":"417 Longstream Road",
\u0009\u0009"apartmentNumber":"007",
\u0009\u0009"cityName":"London",
\u0009\u0009"zip":"E1 6AN",
\u0009\u0009"phoneNumber":"0070"[truncated 383 chars]; line: 31, column: 2]
at org.testng.internal.invokers.MethodInvocationHelper.invokeMethodNoCheckedException(MethodInvocationHelper.java:57)
at org.testng.internal.invokers.MethodInvocationHelper.invokeDataProvider(MethodInvocationHelper.java:157)
at org.testng.internal.Parameters.handleParameters(Parameters.java:791)
at org.testng.internal.Parameters.handleParameters(Parameters.java:728)
at org.testng.internal.invokers.ParameterHandler.handleParameters(ParameterHandler.java:72)
at org.testng.internal.invokers.ParameterHandler.createParameters(ParameterHandler.java:51)
at org.testng.internal.invokers.TestInvoker$MethodInvocationAgent.invoke(TestInvoker.java:917)
at org.testng.internal.invokers.TestInvoker.invokeTestMethods(TestInvoker.java:194)
at org.testng.internal.invokers.TestMethodWorker.invokeTestMethods(TestMethodWorker.java:148)
at org.testng.internal.invokers.TestMethodWorker.run(TestMethodWorker.java:128)
at java.base/java.util.ArrayList.forEach(ArrayList.java:1511)
at org.testng.TestRunner.privateRun(TestRunner.java:806)
at org.testng.TestRunner.run(TestRunner.java:601)
at org.testng.SuiteRunner.runTest(SuiteRunner.java:433)
at org.testng.SuiteRunner.runSequentially(SuiteRunner.java:427)
at org.testng.SuiteRunner.privateRun(SuiteRunner.java:387)
at org.testng.SuiteRunner.run(SuiteRunner.java:330)
at org.testng.SuiteRunnerWorker.runSuite(SuiteRunnerWorker.java:52)
at org.testng.SuiteRunnerWorker.run(SuiteRunnerWorker.java:95)
at org.testng.TestNG.runSuitesSequentially(TestNG.java:1256)
at org.testng.TestNG.runSuitesLocally(TestNG.java:1176)
at org.testng.TestNG.runSuites(TestNG.java:1099)
at org.testng.TestNG.run(TestNG.java:1067)
at org.testng.remote.AbstractRemoteTestNG.run(AbstractRemoteTestNG.java:115)
at org.testng.remote.RemoteTestNG.initAndRun(RemoteTestNG.java:251)
at org.testng.remote.RemoteTestNG.main(RemoteTestNG.java:77)
Caused by: com.fasterxml.jackson.core.JsonParseException: Unexpected character ('/' (code 47)): maybe a (non-standard) comment? (not recognized as one since Feature 'ALLOW_COMMENTS' not enabled for parser)
 at [Source: (String)"[
{    "firstName" : "Ksenija",
\u0009\u0009"lastName":"Djuricic",
\u0009\u0009"companyName":"Djuricic",
\u0009"address":"Topolska",
\u0009\u0009"apartmentNumber":"18",
\u0009\u0009"cityName":"Beograd",
\u0009\u0009"zip":"11000",
\u0009"phoneNumber":"123456",
\u0009"email":"dummyadresa@gmail.com",
\u0009\u0009"notes":"selenium Automation"

},

{
\u0009\u0009"firstName":"James",
\u0009\u0009"lastName":"Bond",
\u0009\u0009"companyName":"Universal Exports",
\u0009\u0009"address":"417 Longstream Road",
\u0009\u0009"apartmentNumber":"007",
\u0009\u0009"cityName":"London",
\u0009\u0009"zip":"E1 6AN",
\u0009\u0009"phoneNumber":"0070"[truncated 383 chars]; line: 31, column: 2]
at com.fasterxml.jackson.core.JsonParser._constructError(JsonParser.java:2418)
at com.fasterxml.jackson.core.base.ParserMinimalBase._reportError(ParserMinimalBase.java:749)
at com.fasterxml.jackson.core.base.ParserMinimalBase._reportUnexpectedChar(ParserMinimalBase.java:673)
at com.fasterxml.jackson.core.json.ReaderBasedJsonParser._skipComment(ReaderBasedJsonParser.java:2601)
at com.fasterxml.jackson.core.json.ReaderBasedJsonParser._skipWSOrEnd2(ReaderBasedJsonParser.java:2576)
at com.fasterxml.jackson.core.json.ReaderBasedJsonParser._skipWSOrEnd(ReaderBasedJsonParser.java:2547)
at com.fasterxml.jackson.core.json.ReaderBasedJsonParser.nextToken(ReaderBasedJsonParser.java:698)
at com.fasterxml.jackson.databind.deser.std.CollectionDeserializer._deserializeFromArray(CollectionDeserializer.java:350)
at com.fasterxml.jackson.databind.deser.std.CollectionDeserializer.deserialize(CollectionDeserializer.java:244)
at com.fasterxml.jackson.databind.deser.std.CollectionDeserializer.deserialize(CollectionDeserializer.java:28)
at com.fasterxml.jackson.databind.deser.DefaultDeserializationContext.readRootValue(DefaultDeserializationContext.java:323)
at com.fasterxml.jackson.databind.ObjectMapper._readMapAndClose(ObjectMapper.java:4730)
at com.fasterxml.jackson.databind.ObjectMapper.readValue(ObjectMapper.java:3677)
at com.fasterxml.jackson.databind.ObjectMapper.readValue(ObjectMapper.java:3660)
at clothingStore.testComponents.BaseTest.getJsonDataToMap(BaseTest.java:78)
at clothingStore.tests.CheckoutPageTest.getData(CheckoutPageTest.java:67)
at java.base/jdk.internal.reflect.DirectMethodHandleAccessor.invoke(DirectMethodHandleAccessor.java:104)
at java.base/java.lang.reflect.Method.invoke(Method.java:577)
at org.testng.internal.invokers.MethodInvocationHelper.invokeMethod(MethodInvocationHelper.java:139)
at org.testng.internal.invokers.MethodInvocationHelper.invokeMethod(MethodInvocationHelper.java:84)
at org.testng.internal.invokers.MethodInvocationHelper.invokeMethodNoCheckedException(MethodInvocationHelper.java:53)
... 25 more
]]>
    </error>
  </testcase> <!-- fillIn -->
  <system-out/>
  <testcase classname="clothingStore.tests.CheckoutPageTest" name="validateMessage" time="0.000">
    <skipped/>
  </testcase> <!-- validateMessage -->
  <system-out/>
  <testcase classname="clothingStore.tests.CheckoutPageTest" name="reportsConfig" time="0.046">
    <error type="java.lang.NullPointerException">
      <![CDATA[java.lang.NullPointerException
at java.base/java.io.File.<init>(File.java:278)
at com.aventstack.extentreports.reporter.ExtentSparkReporter.<init>(ExtentSparkReporter.java:51)
at clothingStore.testComponents.BaseTest.reportsConfig(BaseTest.java:103)
at java.base/jdk.internal.reflect.DirectMethodHandleAccessor.invoke(DirectMethodHandleAccessor.java:104)
at java.base/java.lang.reflect.Method.invoke(Method.java:577)
at org.testng.internal.invokers.MethodInvocationHelper.invokeMethod(MethodInvocationHelper.java:139)
at org.testng.internal.invokers.MethodInvocationHelper.invokeMethodConsideringTimeout(MethodInvocationHelper.java:69)
at org.testng.internal.invokers.ConfigInvoker.invokeConfigurationMethod(ConfigInvoker.java:361)
at org.testng.internal.invokers.ConfigInvoker.invokeConfigurations(ConfigInvoker.java:296)
at org.testng.TestRunner.invokeTestConfigurations(TestRunner.java:643)
at org.testng.TestRunner.beforeRun(TestRunner.java:632)
at org.testng.TestRunner.run(TestRunner.java:594)
at org.testng.SuiteRunner.runTest(SuiteRunner.java:433)
at org.testng.SuiteRunner.runSequentially(SuiteRunner.java:427)
at org.testng.SuiteRunner.privateRun(SuiteRunner.java:387)
at org.testng.SuiteRunner.run(SuiteRunner.java:330)
at org.testng.SuiteRunnerWorker.runSuite(SuiteRunnerWorker.java:52)
at org.testng.SuiteRunnerWorker.run(SuiteRunnerWorker.java:95)
at org.testng.TestNG.runSuitesSequentially(TestNG.java:1256)
at org.testng.TestNG.runSuitesLocally(TestNG.java:1176)
at org.testng.TestNG.runSuites(TestNG.java:1099)
at org.testng.TestNG.run(TestNG.java:1067)
at org.testng.remote.AbstractRemoteTestNG.run(AbstractRemoteTestNG.java:115)
at org.testng.remote.RemoteTestNG.initAndRun(RemoteTestNG.java:251)
at org.testng.remote.RemoteTestNG.main(RemoteTestNG.java:77)
]]>
    </error>
  </testcase> <!-- reportsConfig -->
  <system-out/>
</testsuite> <!-- clothingStore.tests.CheckoutPageTest -->
